[RemoteTestNG] detected TestNG version 7.4.0
From BeforeSuite annotation in SampleTestngUsage class ..
From BeforeTest annotation in SampleTestngUsage class ..
From BeforeClass annotation test in AnnotationsTest class....
From BeforeMethod annotation in AnnotationsTest....
From first test annotated in AnnotationsTest....
From AfterMethod annotation in AnnotationsTest....
From AfterClass annotation test in AnnotationsTest class....
From AfterTest annotation in AnnotationsTest class ....
From AfterSuite annotation in AnnotationsTest class ....

===============================================
TestNG Sample
Total tests run: 1, Passes: 1, Failures: 0, Skips: 0
===============================================

browser passed as :- Chrome
[Utils] [ERROR] [Error] org.testng.TestNGException: 
Cannot inject @Test annotated Method [testCaseTwo] with [class java.lang.String, class java.lang.String].
For more information on native dependency injection please refer to https://testng.org/doc/documentation-main.html#native-dependency-injection
	at org.testng.internal.Parameters.checkParameterTypes(Parameters.java:439)
	at org.testng.internal.Parameters.createParametersForMethod(Parameters.java:353)
	at org.testng.internal.Parameters.createParameters(Parameters.java:708)
	at org.testng.internal.Parameters.handleParameters(Parameters.java:884)
	at org.testng.internal.Parameters.handleParameters(Parameters.java:740)
	at org.testng.internal.ParameterHandler.handleParameters(ParameterHandler.java:59)
	at org.testng.internal.ParameterHandler.createParameters(ParameterHandler.java:38)
	at org.testng.internal.TestInvoker$MethodInvocationAgent.invoke(TestInvoker.java:791)
	at org.testng.internal.TestInvoker.invokeTestMethods(TestInvoker.java:146)
	at org.testng.internal.TestMethodWorker.invokeTestMethods(TestMethodWorker.java:146)
	at org.testng.internal.TestMethodWorker.run(TestMethodWorker.java:128)
	at java.base/java.util.ArrayList.forEach(ArrayList.java:1511)
	at org.testng.TestRunner.privateRun(TestRunner.java:794)
	at org.testng.TestRunner.run(TestRunner.java:596)
	at org.testng.SuiteRunner.runTest(SuiteRunner.java:377)
	at org.testng.SuiteRunner.runSequentially(SuiteRunner.java:371)
	at org.testng.SuiteRunner.privateRun(SuiteRunner.java:332)
	at org.testng.SuiteRunner.run(SuiteRunner.java:276)
	at org.testng.SuiteRunnerWorker.runSuite(SuiteRunnerWorker.java:53)
	at org.testng.SuiteRunnerWorker.run(SuiteRunnerWorker.java:96)
	at org.testng.TestNG.runSuitesSequentially(TestNG.java:1212)
	at org.testng.TestNG.runSuitesSequentially(TestNG.java:1207)
	at org.testng.TestNG.runSuitesLocally(TestNG.java:1134)
	at org.testng.TestNG.runSuites(TestNG.java:1063)
	at org.testng.TestNG.run(TestNG.java:1031)
	at org.testng.remote.AbstractRemoteTestNG.run(AbstractRemoteTestNG.java:115)
	at org.testng.remote.RemoteTestNG.initAndRun(RemoteTestNG.java:251)
	at org.testng.remote.RemoteTestNG.main(RemoteTestNG.java:77)


===============================================
Test Parameters
Total tests run: 2, Passes: 1, Failures: 1, Skips: 0
===============================================

Common Scenarios testing: Data(Common scenario data)
Scenario testing: Data(Scenario1 data)
Scenario testing: Data(Scenario2 data)
Integration testing: Data(Integration test data)
Acceptance testing: Data(Acceptance test data)

===============================================
Data Provider Suite
Total tests run: 5, Passes: 5, Failures: 0, Skips: 0
===============================================


===============================================
Multiple Test Suites
Total tests run: 8, Passes: 7, Failures: 1, Skips: 0
===============================================

